
Source file: L10_3.X68
Assembled on: 16-11-23 at: 18:49:37
          by: X68K PC-2.2 Copyright (c) University of Teesside 1989,96
Defaults: ORG $0/FORMAT/OPT A,BRL,CEX,CL,FRL,MC,MD,NOMEX,NOPCO

    1           0000C001     DUART:    EQU       $C001                 ;;68681 base address
    2           00000002     SRA:      EQU       2
    3           00000006     RBA:      EQU       6
    4                        
    5  00008000                        ORG       $8000
    6  00008000 227C0000802E LOOP:     MOVEA.L   #MESSAGE,A1
    7  00008006 61000004               BSR       PRINT
    8  0000800A 4E4E                   TRAP      #14
    9                                
   10  0000800C 12C0         PRINT:    MOVE.B    D0,(A1)+
   11  0000800E 207C0000C001           MOVEA.L   #DUART,A0
   12  00008014 1E280002     PRTCHR:   MOVE.B    SRA(A0),D7
   13  00008018 02070001               ANDI.B    #1,D7
   14  0000801C 67F6                   BEQ       PRTCHR
   15  0000801E 10280006               MOVE.B    RBA(A0),D0
   16  00008022 0C40000D               CMPI      #$D,D0
   17  00008026 67000004               BEQ       EXIT
   18  0000802A 60E0                   BRA       PRINT
   19  0000802C 4E75         EXIT:     RTS       
   20                                
   21  0000802E 00000001     MESSAGE:  DC.L      1
   22           00008000               END       LOOP

Lines: 22, Errors: 0, Warnings: 0.
