
Source file: L10_2.X68
Assembled on: 16-11-23 at: 18:51:39
          by: X68K PC-2.2 Copyright (c) University of Teesside 1989,96
Defaults: ORG $0/FORMAT/OPT A,BRL,CEX,CL,FRL,MC,MD,NOMEX,NOPCO

    1           0000C001     DUART:    EQU       $C001                 ;;68681 base address
    2           00000002     SRA:      EQU       2
    3           00000006     TBA:      EQU       6
    4           0000000D     CR:       EQU       $D
    5           0000000A     LF:       EQU       $A
    6                        
    7  00008000                        ORG       $8000
    8  00008000 227C0000802C LOOP:     MOVEA.L   #MESSAGE,A1
    9  00008006 61000006               BSR       PRINT
   10  0000800A 66F4                   BNE       LOOP
   11  0000800C 4E4E                   TRAP      #14
   12                                
   13  0000800E 1019         PRINT:    MOVE.B    (A1)+,D0
   14  00008010 67000018               BEQ       EXIT
   15  00008014 207C0000C001           MOVEA.L   #DUART,A0
   16  0000801A 1E280002     PRTCHR:   MOVE.B    SRA(A0),D7
   17  0000801E 02070004               ANDI.B    #4,D7
   18  00008022 67F6                   BEQ       PRTCHR
   19  00008024 11400006               MOVE.B    D0,TBA(A0)
   20  00008028 60E4                   BRA       PRINT
   21  0000802A 4E75         EXIT:     RTS       
   22                                
   23  0000802C 0D0A54686973 MESSAGE:  DC.B      CR,LF,'This is so fun',0
                20697320736F
                2066756E00  
   24           00008000               END       LOOP

Lines: 24, Errors: 0, Warnings: 0.
