
Source file: L9_2.X68
Assembled on: 16-11-16 at: 19:56:41
          by: X68K PC-2.2 Copyright (c) University of Teesside 1989,96
Defaults: ORG $0/FORMAT/OPT A,BRL,CEX,CL,FRL,MC,MD,NOMEX,NOPCO

    1  00008000                        ORG       $8000
    2  00008000 4E45         START:    TRAP      #5
    3  00008002 4E4E                   TRAP      #14
    4                                
    5  00008024                        ORG       $8024
    6  00008024 4EF900008500           JMP       T5
    7                                    
    8  00008500                        ORG       $8500
    9  00008500 3F03         T5:       MOVE      D3,-(SP)
   10  00008502 4EB90000850E           JSR       DISPLAY
   11  00008508 4FEF0002               LEA       2(SP),SP
   12  0000850C 4E73                   RTE       
   13                                    
   14  0000850E 4E56FFFC     DISPLAY:  LINK      A6,#-4
   15  00008512 2F00                   MOVE.L    D0,-(SP)
   16  00008514 4280                   CLR.L     D0
   17  00008516 302E0008               MOVE.W    8(A6),D0
   18  0000851A 80FC000A               DIVU      #10,D0
   19  0000851E 3D40FFFE               MOVE.W    D0,-2(A6)
   20  00008522 4840                   SWAP      D0
   21  00008524 3D40FFFC               MOVE.W    D0,-4(A6)
   22  00008528 0C6E0000FFFE           CMPI.W    #0,-2(A6)
   23  0000852E 67000010               BEQ       BASE
   24  00008532 3F2EFFFE               MOVE.W    -2(A6),-(SP)
   25  00008536 4EB90000850E           JSR       DISPLAY
   26  0000853C 4FEF0002               LEA       2(SP),SP
   27  00008540 4280         BASE:     CLR.L     D0
   28  00008542 302EFFFC               MOVE.W    -4(A6),D0
   29  00008546 06400030               ADD       #$30,D0
   30  0000854A 4E41                   TRAP      #1
   31  0000854C 201F                   MOVE.L    (SP)+,D0
   32  0000854E 4E5E                   UNLK      A6
   33  00008550 4E75                   RTS       
   34           00008000               END       START

Lines: 34, Errors: 0, Warnings: 0.
