
Source file: L3_4.X68
Assembled on: 16-10-05 at: 17:42:41
          by: X68K PC-2.2 Copyright (c) University of Teesside 1989,96
Defaults: ORG $0/FORMAT/OPT A,BRL,CEX,CL,FRL,MC,MD,NOMEX,NOPCO

    1                        *L3_4: Evaluate
    2                        
    3                        
    4  00008000                        ORG       $8000
    5  00008000 103900009008 START:    MOVE.B    YVALUE,D0
    6  00008006 4880                   EXT.W     D0
    7  00008008 C1F900009004           MULS      WVALUE,D0
    8  0000800E 323900009006           MOVE.W    XVALUE,D1
    9  00008014 83FC0003               DIVS      #3,D1
   10  00008018 D240                   ADD       D0,D1
   11                        
   12  00009000                        ORG       $9000
   13  00009000 00000004     ZVALUE:   DS.L      1
   14  00009004 0001         WVALUE:   DC.W      $1
   15  00009006 0002         XVALUE:   DC.W      $2
   16  00009008 03           YVALUE:   DC.B      $3
   17           00008000               END       START

Lines: 17, Errors: 0, Warnings: 0.
